-------------------------------------------------------------------------------
Test set: com.DataDrivenProject.OpenSourceOHRMS.ExecutableClassTest
-------------------------------------------------------------------------------
Tests run: 1, Failures: 1, Errors: 0, Skipped: 0, Time elapsed: 8.101 sec <<< FAILURE!
readData(com.DataDrivenProject.OpenSourceOHRMS.ExecutableClassTest)  Time elapsed: 0.016 sec  <<< FAILURE!
java.lang.NullPointerException
	at com.DataDrivenProject.OpenSourceOHRMS.ExecutableClassTest.readData(ExecutableClassTest.java:24)

