<?xml version="1.0" encoding="UTF-8" ?>
<testsuite tests="1" failures="1" name="com.DataDrivenProject.OpenSourceOHRMS.ExecutableClassTest" time="0.016" errors="0" skipped="0">
  <properties>
[...]
</properties>
  <testcase classname="com.DataDrivenProject.OpenSourceOHRMS.ExecutableClassTest" name="readData" time="0.016">
    <failure type="java.lang.NullPointerException">java.lang.NullPointerException
	at com.DataDrivenProject.OpenSourceOHRMS.ExecutableClassTest.readData(ExecutableClassTest.java:24)
</failure>
    <system-out>Configuring TestNG with: org.apache.maven.surefire.testng.conf.TestNG652Configurator@6f75e721
</system-out>
    <system-err>Starting ChromeDriver 78.0.3904.70 (edb9c9f3de0247fd912a77b7f6cae7447f6d3ad5-refs/branch-heads/3904@{#800}) on port 13473
Only local connections are allowed.
Please protect ports used by ChromeDriver and related test frameworks to prevent access by malicious code.
Nov 06, 2019 3:39:42 PM org.openqa.selenium.remote.ProtocolHandshake createSession
INFO: Detected dialect: W3C
</system-err>
  </testcase>
</testsuite>