<?xml version="1.0" encoding="UTF-8"?>
<!-- Generated by org.testng.reporters.JUnitXMLReporter -->
<testsuite hostname="DESKTOP-OC9IBM4" ignored="0" name="Command line test" tests="1" failures="1" timestamp="06 Nov 2019 10:09:43 GMT" time="6.903" errors="0">
  <testcase name="readData" time="0.0" classname="com.DataDrivenProject.OpenSourceOHRMS.ExecutableClassTest">
    <failure type="java.lang.NullPointerException">
      <![CDATA[java.lang.NullPointerException
at com.DataDrivenProject.OpenSourceOHRMS.ExecutableClassTest.readData(ExecutableClassTest.java:24)
... Removed 34 stack frames]]>
    </failure>
  </testcase> <!-- readData -->
</testsuite> <!-- Command line test -->
